<?xml version="1.0" encoding="UTF-8"?>
<testng-results skipped="0" failed="0" ignored="0" total="1" passed="1">
  <reporter-output>
  </reporter-output>
  <suite name="Default suite" duration-ms="33677" started-at="2019-08-08T10:35:10Z" finished-at="2019-08-08T10:35:44Z">
    <groups>
    </groups>
    <test name="Default test" duration-ms="33677" started-at="2019-08-08T10:35:10Z" finished-at="2019-08-08T10:35:44Z">
      <class name="test.SearchItemTest">
        <test-method status="PASS" signature="SearchItemTesting()[pri:0, instance:test.SearchItemTest@39fb3ab6]" name="SearchItemTesting" duration-ms="33628" started-at="2019-08-08T16:20:10Z" finished-at="2019-08-08T16:20:44Z">
          <reporter-output>
          </reporter-output>
        </test-method> <!-- SearchItemTesting -->
      </class> <!-- test.SearchItemTest -->
    </test> <!-- Default test -->
  </suite> <!-- Default suite -->
</testng-results>
