<?xml version="1.0" encoding="UTF-8"?>
<testng-results skipped="0" failed="1" ignored="0" total="1" passed="0">
  <reporter-output>
  </reporter-output>
  <suite name="Default suite" duration-ms="72001" started-at="2019-06-03T17:35:08Z" finished-at="2019-06-03T17:36:20Z">
    <groups>
    </groups>
    <test name="Default test" duration-ms="72001" started-at="2019-06-03T17:35:08Z" finished-at="2019-06-03T17:36:20Z">
      <class name="test.SearchItemTest">
        <test-method status="FAIL" signature="SearchItemTesting()[pri:0, instance:test.SearchItemTest@5afa04c]" name="SearchItemTesting" duration-ms="71682" started-at="2019-06-03T23:20:08Z" finished-at="2019-06-03T23:21:20Z">
          <exception class="java.lang.IllegalStateException">
            <message>
              <![CDATA[No match found]]>
            </message>
            <full-stacktrace>
              <![CDATA[java.lang.IllegalStateException: No match found
	at java.util.regex.Matcher.group(Unknown Source)
	at test.SearchItemTest.SearchItemTesting(SearchItemTest.java:49)
	at sun.reflect.NativeMethodAccessorImpl.invoke0(Native Method)
	at sun.reflect.NativeMethodAccessorImpl.invoke(Unknown Source)
	at sun.reflect.DelegatingMethodAccessorImpl.invoke(Unknown Source)
	at java.lang.reflect.Method.invoke(Unknown Source)
	at org.testng.internal.MethodInvocationHelper.invokeMethod(MethodInvocationHelper.java:108)
	at org.testng.internal.Invoker.invokeMethod(Invoker.java:661)
	at org.testng.internal.Invoker.invokeTestMethod(Invoker.java:869)
	at org.testng.internal.Invoker.invokeTestMethods(Invoker.java:1193)
	at org.testng.internal.TestMethodWorker.invokeTestMethods(TestMethodWorker.java:126)
	at org.testng.internal.TestMethodWorker.run(TestMethodWorker.java:109)
	at org.testng.TestRunner.privateRun(TestRunner.java:744)
	at org.testng.TestRunner.run(TestRunner.java:602)
	at org.testng.SuiteRunner.runTest(SuiteRunner.java:380)
	at org.testng.SuiteRunner.runSequentially(SuiteRunner.java:375)
	at org.testng.SuiteRunner.privateRun(SuiteRunner.java:340)
	at org.testng.SuiteRunner.run(SuiteRunner.java:289)
	at org.testng.SuiteRunnerWorker.runSuite(SuiteRunnerWorker.java:52)
	at org.testng.SuiteRunnerWorker.run(SuiteRunnerWorker.java:86)
	at org.testng.TestNG.runSuitesSequentially(TestNG.java:1301)
	at org.testng.TestNG.runSuitesLocally(TestNG.java:1226)
	at org.testng.TestNG.runSuites(TestNG.java:1144)
	at org.testng.TestNG.run(TestNG.java:1115)
	at org.testng.remote.AbstractRemoteTestNG.run(AbstractRemoteTestNG.java:114)
	at org.testng.remote.RemoteTestNG.initAndRun(RemoteTestNG.java:251)
	at org.testng.remote.RemoteTestNG.main(RemoteTestNG.java:77)
]]>
            </full-stacktrace>
          </exception> <!-- java.lang.IllegalStateException -->
          <reporter-output>
          </reporter-output>
        </test-method> <!-- SearchItemTesting -->
      </class> <!-- test.SearchItemTest -->
    </test> <!-- Default test -->
  </suite> <!-- Default suite -->
</testng-results>
